Using pre-set license
Built from '2022.3/staging' branch; Version is '2022.3.14f1 (eff2de9070d8) revision 15725278'; Using compiler version '192829333'; Build Type 'Release'
OS: 'Windows 10  (10.0.19045) 64bit Professional' Language: 'ru' Physical Memory: 7893 MB
BatchMode: 1, IsHumanControllingUs: 0, StartBugReporterOnCrash: 0, Is64bit: 1, IsPro: 1

COMMAND LINE ARGUMENTS:
C:\Program Files\Unity\Hub\Editor\2022.3.14f1\Editor\Unity.exe
-adb2
-batchMode
-noUpm
-name
AssetImportWorker1
-projectPath
C:/Games/Workshop_5_Simple gameplay
-logFile
Logs/AssetImportWorker1.log
-srvPort
49922
Successfully changed project path to: C:/Games/Workshop_5_Simple gameplay
C:/Games/Workshop_5_Simple gameplay
[UnityMemory] Configuration Parameters - Can be set up in boot.config
    "memorysetup-bucket-allocator-granularity=16"
    "memorysetup-bucket-allocator-bucket-count=8"
    "memorysetup-bucket-allocator-block-size=33554432"
    "memorysetup-bucket-allocator-block-count=8"
    "memorysetup-main-allocator-block-size=16777216"
    "memorysetup-thread-allocator-block-size=16777216"
    "memorysetup-gfx-main-allocator-block-size=16777216"
    "memorysetup-gfx-thread-allocator-block-size=16777216"
    "memorysetup-cache-allocator-block-size=4194304"
    "memorysetup-typetree-allocator-block-size=2097152"
    "memorysetup-profiler-bucket-allocator-granularity=16"
    "memorysetup-profiler-bucket-allocator-bucket-count=8"
    "memorysetup-profiler-bucket-allocator-block-size=33554432"
    "memorysetup-profiler-bucket-allocator-block-count=8"
    "memorysetup-profiler-allocator-block-size=16777216"
    "memorysetup-profiler-editor-allocator-block-size=1048576"
    "memorysetup-temp-allocator-size-main=16777216"
    "memorysetup-job-temp-allocator-block-size=2097152"
    "memorysetup-job-temp-allocator-block-size-background=1048576"
    "memorysetup-job-temp-allocator-reduction-small-platforms=262144"
    "memorysetup-allocator-temp-initial-block-size-main=262144"
    "memorysetup-allocator-temp-initial-block-size-worker=262144"
    "memorysetup-temp-allocator-size-background-worker=32768"
    "memorysetup-temp-allocator-size-job-worker=262144"
    "memorysetup-temp-allocator-size-preload-manager=33554432"
    "memorysetup-temp-allocator-size-nav-mesh-worker=65536"
    "memorysetup-temp-allocator-size-audio-worker=65536"
    "memorysetup-temp-allocator-size-cloud-worker=32768"
    "memorysetup-temp-allocator-size-gi-baking-worker=262144"
    "memorysetup-temp-allocator-size-gfx=262144"
Player connection [20140] Host "[IP] 192.168.31.219 [Port] 0 [Flags] 2 [Guid] 2839439251 [EditorId] 2839439251 [Version] 1048832 [Id] WindowsEditor(7,DESKTOP-RFDMMD8) [Debug] 1 [PackageName] WindowsEditor [ProjectName] Editor" joined multi-casting on [225.0.0.222:54997]...

Player connection [20140] Host "[IP] 192.168.31.219 [Port] 0 [Flags] 2 [Guid] 2839439251 [EditorId] 2839439251 [Version] 1048832 [Id] WindowsEditor(7,DESKTOP-RFDMMD8) [Debug] 1 [PackageName] WindowsEditor [ProjectName] Editor" joined alternative multi-casting on [225.0.0.222:34997]...

[Physics::Module] Initialized MultithreadedJobDispatcher with 11 workers.
Refreshing native plugins compatible for Editor in 10.06 ms, found 3 plugins.
Preloading 0 native plugins for Editor in 0.00 ms.
Initialize engine version: 2022.3.14f1 (eff2de9070d8)
[Subsystems] Discovering subsystems at path C:/Program Files/Unity/Hub/Editor/2022.3.14f1/Editor/Data/Resources/UnitySubsystems
[Subsystems] Discovering subsystems at path C:/Games/Workshop_5_Simple gameplay/Assets
GfxDevice: creating device client; threaded=0; jobified=0
Direct3D:
    Version:  Direct3D 11.0 [level 11.1]
    Renderer: NVIDIA GeForce RTX 3050 Laptop GPU (ID=0x25a2)
    Vendor:   NVIDIA
    VRAM:     3991 MB
    Driver:   30.0.15.1165
Initialize mono
Mono path[0] = 'C:/Program Files/Unity/Hub/Editor/2022.3.14f1/Editor/Data/Managed'
Mono path[1] = 'C:/Program Files/Unity/Hub/Editor/2022.3.14f1/Editor/Data/MonoBleedingEdge/lib/mono/unityjit-win32'
Mono config path = 'C:/Program Files/Unity/Hub/Editor/2022.3.14f1/Editor/Data/MonoBleedingEdge/etc'
Using monoOptions --debugger-agent=transport=dt_socket,embedding=1,server=y,suspend=n,address=127.0.0.1:56708
Begin MonoManager ReloadAssembly
Registering precompiled unity dll's ...
Register platform support module: C:/Program Files/Unity/Hub/Editor/2022.3.14f1/Editor/Data/PlaybackEngines/WindowsStandaloneSupport/UnityEditor.WindowsStandalone.Extensions.dll
Registered in 0.011931 seconds.
- Loaded All Assemblies, in  0.435 seconds
Native extension for WindowsStandalone target not found
Mono: successfully reloaded assembly
- Finished resetting the current domain, in  0.352 seconds
Domain Reload Profiling: 784ms
	BeginReloadAssembly (141ms)
		ExecutionOrderSort (0ms)
		DisableScriptedObjects (0ms)
		BackupInstance (0ms)
		ReleaseScriptingObjects (0ms)
		CreateAndSetChildDomain (1ms)
	RebuildCommonClasses (35ms)
	RebuildNativeTypeToScriptingClass (13ms)
	initialDomainReloadingComplete (80ms)
	LoadAllAssembliesAndSetupDomain (163ms)
		LoadAssemblies (139ms)
		RebuildTransferFunctionScriptingTraits (0ms)
		AnalyzeDomain (160ms)
			TypeCache.Refresh (158ms)
				TypeCache.ScanAssembly (143ms)
			ScanForSourceGeneratedMonoScriptInfo (1ms)
			ResolveRequiredComponents (1ms)
	FinalizeReload (352ms)
		ReleaseScriptCaches (0ms)
		RebuildScriptCaches (0ms)
		SetupLoadedEditorAssemblies (276ms)
			LogAssemblyErrors (0ms)
			InitializePlatformSupportModulesInManaged (11ms)
			SetLoadedEditorAssemblies (10ms)
			RefreshPlugins (0ms)
			BeforeProcessingInitializeOnLoad (3ms)
			ProcessInitializeOnLoadAttributes (179ms)
			ProcessInitializeOnLoadMethodAttributes (72ms)
			AfterProcessingInitializeOnLoad (0ms)
			EditorAssembliesLoaded (0ms)
		ExecutionOrderSort2 (0ms)
		AwakeInstancesAfterBackupRestoration (0ms)
========================================================================
Worker process is ready to serve import requests
Begin MonoManager ReloadAssembly
- Loaded All Assemblies, in  0.814 seconds
Refreshing native plugins compatible for Editor in 3.70 ms, found 3 plugins.
Native extension for WindowsStandalone target not found
Package Manager log level set to [2]
[Package Manager] Server::EnsureServerProcessIsRunning -- launch failed, reason: Unity was launched with the -noUpm command-line argument
[Package Manager] UpmClient::Send -- Unable to send message (not connected to UPM process).
[Package Manager] Cannot connect to Unity Package Manager local server
Mono: successfully reloaded assembly
- Finished resetting the current domain, in  0.918 seconds
Domain Reload Profiling: 1729ms
	BeginReloadAssembly (180ms)
		ExecutionOrderSort (0ms)
		DisableScriptedObjects (6ms)
		BackupInstance (0ms)
		ReleaseScriptingObjects (0ms)
		CreateAndSetChildDomain (25ms)
	RebuildCommonClasses (48ms)
	RebuildNativeTypeToScriptingClass (17ms)
	initialDomainReloadingComplete (49ms)
	LoadAllAssembliesAndSetupDomain (517ms)
		LoadAssemblies (399ms)
		RebuildTransferFunctionScriptingTraits (0ms)
		AnalyzeDomain (224ms)
			TypeCache.Refresh (205ms)
				TypeCache.ScanAssembly (187ms)
			ScanForSourceGeneratedMonoScriptInfo (14ms)
			ResolveRequiredComponents (4ms)
	FinalizeReload (918ms)
		ReleaseScriptCaches (0ms)
		RebuildScriptCaches (0ms)
		SetupLoadedEditorAssemblies (743ms)
			LogAssemblyErrors (0ms)
			InitializePlatformSupportModulesInManaged (6ms)
			SetLoadedEditorAssemblies (3ms)
			RefreshPlugins (0ms)
			BeforeProcessingInitializeOnLoad (68ms)
			ProcessInitializeOnLoadAttributes (631ms)
			ProcessInitializeOnLoadMethodAttributes (27ms)
			AfterProcessingInitializeOnLoad (7ms)
			EditorAssembliesLoaded (0ms)
		ExecutionOrderSort2 (0ms)
		AwakeInstancesAfterBackupRestoration (7ms)
Launched and connected shader compiler UnityShaderCompiler.exe after 0.06 seconds
Refreshing native plugins compatible for Editor in 6.43 ms, found 3 plugins.
Preloading 0 native plugins for Editor in 0.00 ms.
Unloading 3094 Unused Serialized files (Serialized files now loaded: 0)
Unloading 32 unused Assets / (56.7 KB). Loaded Objects now: 3555.
Memory consumption went from 122.2 MB to 122.1 MB.
Total: 10.546500 ms (FindLiveObjects: 0.529600 ms CreateObjectMapping: 0.399000 ms MarkObjects: 9.295000 ms  DeleteObjects: 0.320800 ms)

AssetImportParameters requested are different than current active one (requested -> active):
  custom:container-demuxer-ogg: 62fdf1f143b41e24485cea50d1cbac27 -> 
  custom:video-decoder-ogg-theora: a1e56fd34408186e4bbccfd4996cb3dc -> 
  custom:framework-win-MediaFoundation: 216162199b28c13a410421893ffa2e32 -> 
  custom:CustomObjectIndexerAttribute: 756ad292c208cfabdd7b50bc23989ffe -> 
  custom:container-demuxer-webm: 4f35f7cbe854078d1ac9338744f61a02 -> 
  custom:container-muxer-webm: aa71ff27fc2769a1b78a27578f13a17b -> 
  custom:video-decoder-webm-vp8: 9c59270c3fd7afecdb556c50c9e8de78 -> 
  custom:SearchIndexIgnoredProperties: e643bd26f0fe6173181afceb89e7c659 -> 
  custom:AudioImporter_EditorPlatform: d09bf68614088b80899f8185d706f6e7 -> 
  custom:video-encoder-webm-vp8: eb34c28f22e8b96e1ab97ce403110664 -> 
  custom:audio-decoder-ogg-vorbis: bf7c407c2cedff20999df2af8eb42d56 -> 
  custom:audio-encoder-webm-vorbis: bf7c407c2cedff20999df2af8eb42d56 -> 
========================================================================
Received Import Request.
  Time since last request: 74041.375910 seconds.
  path: Assets/MaterialS
  artifactKey: Guid(6664de77e00ee104393dc814722f9266) Importer(815301076,1909f56bfc062723c751e8b465ee728b)
Start importing Assets/MaterialS using Guid(6664de77e00ee104393dc814722f9266) Importer(815301076,1909f56bfc062723c751e8b465ee728b)  -> (artifact id: '8572b2ae18664cbad29780babc7d1c91') in 0.004501 seconds
Number of updated asset objects reloaded before import = 0
Number of asset objects unloaded after import = 0
========================================================================
Received Import Request.
  Time since last request: 75.847223 seconds.
  path: Assets/Ch44_nonPBR@Pain Gesture.fbx
  artifactKey: Guid(3c9aac1a4bbc01b45aeb9e255f41b65c) Importer(815301076,1909f56bfc062723c751e8b465ee728b)
Start importing Assets/Ch44_nonPBR@Pain Gesture.fbx using Guid(3c9aac1a4bbc01b45aeb9e255f41b65c) Importer(815301076,1909f56bfc062723c751e8b465ee728b)  -> (artifact id: '55c7eb2fe75e4dedd0c3a13c59869b45') in 0.269711 seconds
Number of updated asset objects reloaded before import = 0
Number of asset objects unloaded after import = 141
========================================================================
Received Import Request.
  Time since last request: 64.105981 seconds.
  path: Assets/Ch44_1001_Diffuse.png
  artifactKey: Guid(f88def92f4e7c5944b9d7d661566025a) Importer(815301076,1909f56bfc062723c751e8b465ee728b)
Start importing Assets/Ch44_1001_Diffuse.png using Guid(f88def92f4e7c5944b9d7d661566025a) Importer(815301076,1909f56bfc062723c751e8b465ee728b)  -> (artifact id: 'cb32e6f8789e561cc45f432d2c4c8926') in 0.033274 seconds
Number of updated asset objects reloaded before import = 0
Number of asset objects unloaded after import = 2
========================================================================
Received Import Request.
  Time since last request: 0.000024 seconds.
  path: Assets/Ch44_1001_Glossiness.png
  artifactKey: Guid(357e5e7813f82834cbe882eed091adfb) Importer(815301076,1909f56bfc062723c751e8b465ee728b)
Start importing Assets/Ch44_1001_Glossiness.png using Guid(357e5e7813f82834cbe882eed091adfb) Importer(815301076,1909f56bfc062723c751e8b465ee728b)  -> (artifact id: 'bf2748cfdb7fd5eff7bd4bf1679167f9') in 0.021392 seconds
Number of updated asset objects reloaded before import = 0
Number of asset objects unloaded after import = 2
========================================================================
Received Import Request.
  Time since last request: 0.000019 seconds.
  path: Assets/Ch44_1002_Diffuse.png
  artifactKey: Guid(f41efc77e2e13a54da9750657b70ebcf) Importer(815301076,1909f56bfc062723c751e8b465ee728b)
Start importing Assets/Ch44_1002_Diffuse.png using Guid(f41efc77e2e13a54da9750657b70ebcf) Importer(815301076,1909f56bfc062723c751e8b465ee728b)  -> (artifact id: 'd1391194fcdfcc481a74261015a3e31f') in 0.019163 seconds
Number of updated asset objects reloaded before import = 0
Number of asset objects unloaded after import = 2
========================================================================
Received Import Request.
  Time since last request: 0.000022 seconds.
  path: Assets/Ch44_1002_Emissive.png
  artifactKey: Guid(2ae999e1b16fbb14d969211e2127173e) Importer(815301076,1909f56bfc062723c751e8b465ee728b)
Start importing Assets/Ch44_1002_Emissive.png using Guid(2ae999e1b16fbb14d969211e2127173e) Importer(815301076,1909f56bfc062723c751e8b465ee728b)  -> (artifact id: '4c5ece3f2fac196b1234901e96edf466') in 0.017639 seconds
Number of updated asset objects reloaded before import = 0
Number of asset objects unloaded after import = 2
========================================================================
Received Import Request.
  Time since last request: 0.000074 seconds.
  path: Assets/Ch44_1002_Specular.png
  artifactKey: Guid(0206138f325442342868dbaa4446a034) Importer(815301076,1909f56bfc062723c751e8b465ee728b)
Start importing Assets/Ch44_1002_Specular.png using Guid(0206138f325442342868dbaa4446a034) Importer(815301076,1909f56bfc062723c751e8b465ee728b)  -> (artifact id: '1a1e89796e1cd2784443f8706a0f91a2') in 0.017840 seconds
Number of updated asset objects reloaded before import = 0
Number of asset objects unloaded after import = 2
========================================================================
Received Import Request.
  Time since last request: 0.000020 seconds.
  path: Assets/Ch44_1001_Specular.png
  artifactKey: Guid(7087a379d71f70440ba2f50bd51ebb22) Importer(815301076,1909f56bfc062723c751e8b465ee728b)
Start importing Assets/Ch44_1001_Specular.png using Guid(7087a379d71f70440ba2f50bd51ebb22) Importer(815301076,1909f56bfc062723c751e8b465ee728b)  -> (artifact id: '6511443c867e337b1041d1f63a3137a0') in 0.019886 seconds
Number of updated asset objects reloaded before import = 0
Number of asset objects unloaded after import = 2
========================================================================
Received Import Request.
  Time since last request: 0.000024 seconds.
  path: Assets/Ch44_1002_Normal.png
  artifactKey: Guid(2989179bb2902eb438bc10f6699fa448) Importer(815301076,1909f56bfc062723c751e8b465ee728b)
Start importing Assets/Ch44_1002_Normal.png using Guid(2989179bb2902eb438bc10f6699fa448) Importer(815301076,1909f56bfc062723c751e8b465ee728b)  -> (artifact id: '4ae1039c89d007973dfd422f60354d85') in 0.016836 seconds
Number of updated asset objects reloaded before import = 0
Number of asset objects unloaded after import = 2
========================================================================
Received Import Request.
  Time since last request: 0.000039 seconds.
  path: Assets/Ch44_nonPBR.fbx
  artifactKey: Guid(41283d2cfeedd3f4fa23da10ed65616f) Importer(815301076,1909f56bfc062723c751e8b465ee728b)
Start importing Assets/Ch44_nonPBR.fbx using Guid(41283d2cfeedd3f4fa23da10ed65616f) Importer(815301076,1909f56bfc062723c751e8b465ee728b)  -> (artifact id: '246c14175fe592d26f8e0ec37dede854') in 0.262615 seconds
Number of updated asset objects reloaded before import = 0
Number of asset objects unloaded after import = 147
========================================================================
Received Import Request.
  Time since last request: 4.823792 seconds.
  path: Assets/Ch44_nonPBR.fbx
  artifactKey: Guid(41283d2cfeedd3f4fa23da10ed65616f) Importer(815301076,1909f56bfc062723c751e8b465ee728b)
Start importing Assets/Ch44_nonPBR.fbx using Guid(41283d2cfeedd3f4fa23da10ed65616f) Importer(815301076,1909f56bfc062723c751e8b465ee728b)  -> (artifact id: '91228bcd988f0eab37be0bc8b48122db') in 0.129197 seconds
Number of updated asset objects reloaded before import = 0
Number of asset objects unloaded after import = 147
Editor requested this worker to shutdown with reason: Scaling down because of idle timeout
TcpMessagingSession - receive error
AssetImportWorkerClient::OnTransportError - code=2 error=End of file
AssetImportWorker is now disconnected from the server
Process exiting
Exiting without the bug reporter. Application will terminate with return code 0